#
# There is insufficient memory for the Java Runtime Environment to continue.
# Native memory allocation (mmap) failed to map 132120576 bytes for G1 virtual space
# Possible reasons:
#   The system is out of physical RAM or swap space
#   The process is running with CompressedOops enabled, and the Java Heap may be blocking the growth of the native heap
# Possible solutions:
#   Reduce memory load on the system
#   Increase physical memory or swap space
#   Check if swap backing store is full
#   Decrease Java heap size (-Xmx/-Xms)
#   Decrease number of Java threads
#   Decrease Java thread stack sizes (-Xss)
#   Set larger code cache with -XX:ReservedCodeCacheSize=
#   JVM is running with Unscaled Compressed Oops mode in which the Java heap is
#     placed in the first 4GB address space. The Java Heap base address is the
#     maximum limit for the native heap growth. Please use -XX:HeapBaseMinAddress
#     to set the Java Heap base and to place the Java Heap above 4GB virtual address.
# This output file may be truncated or incomplete.
#
#  Out of Memory Error (os_windows.cpp:3548), pid=9528, tid=20052
#
# JRE version:  (17.0.10+11) (build )
# Java VM: Java HotSpot(TM) 64-Bit Server VM (17.0.10+11-LTS-240, mixed mode, emulated-client, sharing, tiered, compressed oops, compressed class ptrs, g1 gc, windows-amd64)
# No core dump will be written. Minidumps are not enabled by default on client versions of Windows
#

---------------  S U M M A R Y ------------

Command Line: -XX:TieredStopAtLevel=1 -Dspring.output.ansi.enabled=always -Dcom.sun.management.jmxremote -Dspring.jmx.enabled=true -Dspring.liveBeansView.mbeanDomain -Dspring.application.admin.enabled=true -Dmanagement.endpoints.jmx.exposure.include=* -javaagent:C:\Program Files\JetBrains\IntelliJ IDEA 2024.2.0.2\lib\idea_rt.jar=3327:C:\Program Files\JetBrains\IntelliJ IDEA 2024.2.0.2\bin -Dfile.encoding=UTF-8 com.chris.uniconnect.UniConnectApplication

Host: Intel(R) Core(TM) i3-10110U CPU @ 2.10GHz, 4 cores, 7G,  Windows 11 , 64 bit Build 22621 (10.0.22621.5415)
Time: Sun Oct 26 18:02:16 2025 Hora estándar central (México) elapsed time: 0.115641 seconds (0d 0h 0m 0s)

---------------  T H R E A D  ---------------

Current thread (0x0000013d8f33d4e0):  JavaThread "Unknown thread" [_thread_in_vm, id=20052, stack(0x0000000288500000,0x0000000288600000)]

Stack: [0x0000000288500000,0x0000000288600000]
Native frames: (J=compiled Java code, j=interpreted, Vv=VM code, C=native code)
V  [jvm.dll+0x677a5a]
V  [jvm.dll+0x7d8b2d]
V  [jvm.dll+0x7da48e]
V  [jvm.dll+0x7daaf3]
V  [jvm.dll+0x2455ff]
V  [jvm.dll+0x6749b9]
V  [jvm.dll+0x669382]
V  [jvm.dll+0x302e96]
V  [jvm.dll+0x30a416]
V  [jvm.dll+0x359cbe]
V  [jvm.dll+0x359eef]
V  [jvm.dll+0x2d9e88]
V  [jvm.dll+0x2dadf4]
V  [jvm.dll+0x7aa551]
V  [jvm.dll+0x367911]
V  [jvm.dll+0x789639]
V  [jvm.dll+0x3eb30f]
V  [jvm.dll+0x3ecd91]
C  [jli.dll+0x5297]
C  [ucrtbase.dll+0x29333]
C  [KERNEL32.DLL+0x1259d]
C  [ntdll.dll+0x5af78]


---------------  P R O C E S S  ---------------

Threads class SMR info:
_java_thread_list=0x00007fffede36a18, length=0, elements={
}

Java Threads: ( => current thread )

Other Threads:
  0x0000013d8f397750 GCTaskThread "GC Thread#0" [stack: 0x0000000288600000,0x0000000288700000] [id=1096]
  0x0000013d8f21de40 ConcurrentGCThread "G1 Main Marker" [stack: 0x0000000288700000,0x0000000288800000] [id=12404]
  0x0000013d8f21e850 ConcurrentGCThread "G1 Conc#0" [stack: 0x0000000288800000,0x0000000288900000] [id=17576]

[error occurred during error reporting (printing all threads), id 0xc0000005, EXCEPTION_ACCESS_VIOLATION (0xc0000005) at pc=0x00007fffed66aae7]

VM state: not at safepoint (not fully initialized)

VM Mutex/Monitor currently owned by a thread:  ([mutex/lock_event])
[0x0000013d8f338740] Heap_lock - owner thread: 0x0000013d8f33d4e0

Heap address: 0x0000000082800000, size: 2008 MB, Compressed Oops mode: 32-bit

CDS archive(s) mapped at: [0x0000000000000000-0x0000000000000000-0x0000000000000000), size 0, SharedBaseAddress: 0x0000000800000000, ArchiveRelocationMode: 1.
Narrow klass base: 0x0000000000000000, Narrow klass shift: 0, Narrow klass range: 0x0

GC Precious Log:
<Empty>

Heap:
 garbage-first heap   total 0K, used 0K [0x0000000082800000, 0x0000000100000000)
  region size 1024K, 0 young (0K), 0 survivors (0K)

[error occurred during error reporting (printing heap information), id 0xc0000005, EXCEPTION_ACCESS_VIOLATION (0xc0000005) at pc=0x00007fffeda51249]

GC Heap History (0 events):
No events

Deoptimization events (0 events):
No events

Classes unloaded (0 events):
No events

Classes redefined (0 events):
No events

Internal exceptions (0 events):
No events

VM Operations (0 events):
No events

Events (1 events):
Event: 0.091 Loaded shared library C:\Program Files\Java\jdk-17\bin\java.dll


Dynamic libraries:
0x00007ff655e30000 - 0x00007ff655e40000 	C:\Program Files\Java\jdk-17\bin\java.exe
0x00007ff8cd910000 - 0x00007ff8cdb28000 	C:\WINDOWS\SYSTEM32\ntdll.dll
0x00007ff8cc450000 - 0x00007ff8cc514000 	C:\WINDOWS\System32\KERNEL32.DLL
0x00007ff8cac60000 - 0x00007ff8cb033000 	C:\WINDOWS\System32\KERNELBASE.dll
0x00007ff8cb040000 - 0x00007ff8cb151000 	C:\WINDOWS\System32\ucrtbase.dll
0x00007ff8c2f10000 - 0x00007ff8c2f29000 	C:\Program Files\Java\jdk-17\bin\jli.dll
0x00007ff8cd7f0000 - 0x00007ff8cd8a1000 	C:\WINDOWS\System32\ADVAPI32.dll
0x00007ff8cd160000 - 0x00007ff8cd207000 	C:\WINDOWS\System32\msvcrt.dll
0x00007ff8cb630000 - 0x00007ff8cb6d8000 	C:\WINDOWS\System32\sechost.dll
0x00007ff8caa10000 - 0x00007ff8caa38000 	C:\WINDOWS\System32\bcrypt.dll
0x00007ff8cd210000 - 0x00007ff8cd328000 	C:\WINDOWS\System32\RPCRT4.dll
0x00007ff8cc530000 - 0x00007ff8cc6e2000 	C:\WINDOWS\System32\USER32.dll
0x00007ff8cac30000 - 0x00007ff8cac56000 	C:\WINDOWS\System32\win32u.dll
0x00007ff8cc3b0000 - 0x00007ff8cc3d9000 	C:\WINDOWS\System32\GDI32.dll
0x00007ff8cb280000 - 0x00007ff8cb3a3000 	C:\WINDOWS\System32\gdi32full.dll
0x00007ff8cb1e0000 - 0x00007ff8cb27a000 	C:\WINDOWS\System32\msvcp_win.dll
0x00007ff8c2e80000 - 0x00007ff8c2e9b000 	C:\Program Files\Java\jdk-17\bin\VCRUNTIME140.dll
0x00007ff8b3de0000 - 0x00007ff8b407c000 	C:\WINDOWS\WinSxS\amd64_microsoft.windows.common-controls_6595b64144ccf1df_6.0.22621.6060_none_2712eda17382d24b\COMCTL32.dll
0x00007ff8c06e0000 - 0x00007ff8c06ea000 	C:\WINDOWS\SYSTEM32\VERSION.dll
0x00007ff8cd330000 - 0x00007ff8cd361000 	C:\WINDOWS\System32\IMM32.DLL
0x00007ff8c2f00000 - 0x00007ff8c2f0c000 	C:\Program Files\Java\jdk-17\bin\vcruntime140_1.dll
0x00007ff8ac410000 - 0x00007ff8ac49e000 	C:\Program Files\Java\jdk-17\bin\msvcp140.dll
0x00007fffed380000 - 0x00007fffedf5f000 	C:\Program Files\Java\jdk-17\bin\server\jvm.dll
0x00007ff8cd030000 - 0x00007ff8cd038000 	C:\WINDOWS\System32\PSAPI.DLL
0x00007ff8c8730000 - 0x00007ff8c8764000 	C:\WINDOWS\SYSTEM32\WINMM.dll
0x00007ff8aab60000 - 0x00007ff8aab69000 	C:\WINDOWS\SYSTEM32\WSOCK32.dll
0x00007ff8cbc50000 - 0x00007ff8cbcc1000 	C:\WINDOWS\System32\WS2_32.dll
0x00007ff8c9a90000 - 0x00007ff8c9aa8000 	C:\WINDOWS\SYSTEM32\kernel.appcore.dll
0x00007ff8b3aa0000 - 0x00007ff8b3aaa000 	C:\Program Files\Java\jdk-17\bin\jimage.dll
0x00007ff8c8290000 - 0x00007ff8c84c3000 	C:\WINDOWS\SYSTEM32\DBGHELP.DLL
0x00007ff8cb6f0000 - 0x00007ff8cba82000 	C:\WINDOWS\System32\combase.dll
0x00007ff8cbd80000 - 0x00007ff8cbe58000 	C:\WINDOWS\System32\OLEAUT32.dll
0x00007ff8977a0000 - 0x00007ff8977d2000 	C:\WINDOWS\SYSTEM32\dbgcore.DLL
0x00007ff8cabb0000 - 0x00007ff8cac2b000 	C:\WINDOWS\System32\bcryptPrimitives.dll
0x00007ff8b3a90000 - 0x00007ff8b3a9e000 	C:\Program Files\Java\jdk-17\bin\instrument.dll
0x00007ff8b36d0000 - 0x00007ff8b36f5000 	C:\Program Files\Java\jdk-17\bin\java.dll

dbghelp: loaded successfully - version: 4.0.5 - missing functions: none
symbol engine: initialized successfully - sym options: 0x614 - pdb path: .;C:\Program Files\Java\jdk-17\bin;C:\WINDOWS\SYSTEM32;C:\WINDOWS\WinSxS\amd64_microsoft.windows.common-controls_6595b64144ccf1df_6.0.22621.6060_none_2712eda17382d24b;C:\Program Files\Java\jdk-17\bin\server

VM Arguments:
jvm_args: -XX:TieredStopAtLevel=1 -Dspring.output.ansi.enabled=always -Dcom.sun.management.jmxremote -Dspring.jmx.enabled=true -Dspring.liveBeansView.mbeanDomain -Dspring.application.admin.enabled=true -Dmanagement.endpoints.jmx.exposure.include=* -javaagent:C:\Program Files\JetBrains\IntelliJ IDEA 2024.2.0.2\lib\idea_rt.jar=3327:C:\Program Files\JetBrains\IntelliJ IDEA 2024.2.0.2\bin -Dfile.encoding=UTF-8 
java_command: com.chris.uniconnect.UniConnectApplication
java_class_path (initial): C:\Users\gokuy\OneDrive - Universidad Autónoma del Estado de México\JavaProyects\UniConnect\build\classes\java\main;C:\Users\gokuy\OneDrive - Universidad Autónoma del Estado de México\JavaProyects\UniConnect\build\resources\main;C:\Users\gokuy\.gradle\caches\modules-2\files-2.1\org.projectlombok\lombok\1.18.38\57f8f5e02e92a30fd21b80cbd426a4172b5f8e29\lombok-1.18.38.jar;C:\Users\gokuy\.gradle\caches\modules-2\files-2.1\org.mapstruct\mapstruct-processor\1.6.3\52e345c907fbf173b376586c7f8b131d53fa5867\mapstruct-processor-1.6.3.jar;C:\Users\gokuy\.gradle\caches\modules-2\files-2.1\org.springframework.boot\spring-boot-starter-data-jpa\3.5.5\1b0c807e0f584dcf2c8fe7360c07ff18faeacf30\spring-boot-starter-data-jpa-3.5.5.jar;C:\Users\gokuy\.gradle\caches\modules-2\files-2.1\org.springframework.boot\spring-boot-starter-web\3.5.5\b9039cd5aa1feda2cfbd487233e343f66627f78f\spring-boot-starter-web-3.5.5.jar;C:\Users\gokuy\.gradle\caches\modules-2\files-2.1\org.springframework.boot\spring-boot-starter-validation\3.5.5\5510bd155652ef231976f1ff1ca1bb1d9698829c\spring-boot-starter-validation-3.5.5.jar;C:\Users\gokuy\.gradle\caches\modules-2\files-2.1\org.springframework.boot\spring-boot-starter-security\3.5.5\d46f4927ef806fbbb509da0fbeabc9274163ef4c\spring-boot-starter-security-3.5.5.jar;C:\Users\gokuy\.gradle\caches\modules-2\files-2.1\org.springframework.boot\spring-boot-starter-mail\3.5.5\1ad8951b8932a9016dcf01ed9230b294a85f4aa8\spring-boot-starter-mail-3.5.5.jar;C:\Users\gokuy\.gradle\caches\modules-2\files-2.1\org.springframework.security\spring-security-config\6.5.3\3f6b50fd0d0bd61dc1bc4e49c055b6995c47c2a3\spring-security-config-6.5.3.jar;C:\Users\gokuy\.gradle\caches\modules-2\files-2.1\com.auth0\java-jwt\4.5.0\d7004155fe57a107cc40fb6be0132d8ad2530613\java-jwt-4.5.0.jar;C:\Users\gokuy\.gradle\caches\modules-2\files-2.1\org.mapstruct\mapstruct\1.6.3\416a2155212286d6a1c4cb3bb553c7dfd6a1a092\mapstruct-1.6.3.jar;C:\Users\gokuy\.gradle\caches\modules-2\file
Launcher Type: SUN_STANDARD

[Global flags]
     intx CICompilerCount                          = 3                                         {product} {ergonomic}
     uint ConcGCThreads                            = 1                                         {product} {ergonomic}
     uint G1ConcRefinementThreads                  = 4                                         {product} {ergonomic}
   size_t G1HeapRegionSize                         = 1048576                                   {product} {ergonomic}
    uintx GCDrainStackTargetSize                   = 64                                        {product} {ergonomic}
   size_t InitialHeapSize                          = 132120576                                 {product} {ergonomic}
     bool ManagementServer                         = true                                      {product} {command line}
   size_t MarkStackSize                            = 4194304                                   {product} {ergonomic}
   size_t MaxHeapSize                              = 2105540608                                {product} {ergonomic}
   size_t MinHeapDeltaBytes                        = 1048576                                   {product} {ergonomic}
   size_t MinHeapSize                              = 8388608                                   {product} {ergonomic}
    uintx NonProfiledCodeHeapSize                  = 0                                      {pd product} {ergonomic}
     bool ProfileInterpreter                       = false                                  {pd product} {command line}
    uintx ProfiledCodeHeapSize                     = 0                                      {pd product} {ergonomic}
   size_t SoftMaxHeapSize                          = 2105540608                             {manageable} {ergonomic}
     intx TieredStopAtLevel                        = 1                                         {product} {command line}
     bool UseCompressedClassPointers               = true                           {product lp64_product} {ergonomic}
     bool UseCompressedOops                        = true                           {product lp64_product} {ergonomic}
     bool UseG1GC                                  = true                                      {product} {ergonomic}
     bool UseLargePagesIndividualAllocation        = false                                  {pd product} {ergonomic}

Logging:
Log output configuration:
 #0: stdout all=warning uptime,level,tags
 #1: stderr all=off uptime,level,tags

Environment Variables:
PATH=C:\Program Files\Common Files\Oracle\Java\javapath;C:\Windows\System32\HWAudioDriverLibs;C:\WINDOWS\system32;C:\WINDOWS;C:\WINDOWS\System32\Wbem;C:\WINDOWS\System32\WindowsPowerShell\v1.0\;C:\WINDOWS\System32\OpenSSH\;C:\WINDOWS\system32\config\systemprofile\AppData\Local\Microsoft\WindowsApps;C:\Program Files\Git\cmd;C:\WINDOWS\system32;C:\WINDOWS;C:\WINDOWS\System32\Wbem;C:\WINDOWS\System32\WindowsPowerShell\v1.0\;C:\WINDOWS\System32\OpenSSH\;C:\Program Files\nodejs\;C:\Users\gokuy\AppData\Local\Microsoft\WindowsApps;;C:\Users\gokuy\AppData\Local\Programs\Microsoft VS Code\bin;C:\Users\gokuy\AppData\Roaming\npm
USERNAME=gokuy
OS=Windows_NT
PROCESSOR_IDENTIFIER=Intel64 Family 6 Model 142 Stepping 12, GenuineIntel



---------------  S Y S T E M  ---------------

OS:
 Windows 11 , 64 bit Build 22621 (10.0.22621.5415)
OS uptime: 0 days 7:04 hours
Hyper-V role detected

CPU: total 4 (initial active 4) (2 cores per cpu, 2 threads per core) family 6 model 142 stepping 12 microcode 0xde, cx8, cmov, fxsr, ht, mmx, 3dnowpref, sse, sse2, sse3, ssse3, sse4.1, sse4.2, popcnt, lzcnt, tsc, tscinvbit, avx, avx2, aes, erms, clmul, bmi1, bmi2, adx, fma, vzeroupper, clflush, clflushopt, hv

Memory: 4k page, system-wide physical 8025M (242M free)
TotalPageFile size 21191M (AvailPageFile size 65M)
current process WorkingSet (physical memory assigned to process): 11M, peak: 11M
current process commit charge ("private bytes"): 47M, peak: 173M

vm_info: Java HotSpot(TM) 64-Bit Server VM (17.0.10+11-LTS-240) for windows-amd64 JRE (17.0.10+11-LTS-240), built on Dec 19 2023 21:47:25 by "mach5one" with MS VC++ 17.1 (VS2022)

END.
